<?xml version="1.0" encoding="UTF-8"?>
<!-- Generated by org.testng.reporters.JUnitXMLReporter -->
<testsuite ignored="0" hostname="Venkatesan" failures="1" tests="1" name="Test" time="7.826" errors="0" timestamp="2024-08-28T10:02:10 IST">
  <testcase classname="Test.onetest" name="launchrome" time="7.773">
    <failure type="java.lang.AssertionError" message="expected [true] but found [false]">
      <![CDATA[java.lang.AssertionError: expected [true] but found [false]
at Test.onetest.launchrome(onetest.java:25)
at java.base/java.util.ArrayList.forEach(ArrayList.java:1511)
... Removed 31 stack frames]]>
    </failure>
  </testcase> <!-- launchrome -->
</testsuite> <!-- Test -->
